[2023-01-04T09:22:17.066678+00:00] Portfolio.ERROR: Error [] []
[2023-01-04T09:24:51.939957+00:00] Portfolio.ERROR: Error {"file":"/var/www/html/public_html/index.php","line":18} []
[2023-01-04T09:37:48.661681+00:00] Portfolio.ERROR: is not 0 {"file":"/var/www/html/public_html/index.php","line":21} []
[2023-01-04T09:40:26.725938+00:00] Portfolio.ERROR: is not 0 {"file":"/var/www/html/public_html/index.php","line":21} []
[2023-01-04T09:40:40.763066+00:00] Portfolio.ERROR: is 0 {"file":"/var/www/html/public_html/index.php","line":19} []
[2023-01-04T09:43:49.321430+00:00] Portfolio.ERROR: is not 0 {"file":"/var/www/html/public_html/index.php","line":20} []
[2023-01-04T09:44:23.540287+00:00] Portfolio.ERROR: is not 0 {"file":"/var/www/html/public_html/index.php","line":20} []
[2023-01-04T09:51:13.943344+00:00] Portfolio.ERROR: is not 0 {"file":"/var/www/html/public_html/index.php","line":20} []
[2023-01-04T09:51:43.442571+00:00] Portfolio.ERROR: is not 0 {"file":"/var/www/html/public_html/index.php","line":20} []
[2023-01-04T09:52:16.146983+00:00] Portfolio.ERROR: is not 0 {"file":"/var/www/html/public_html/index.php","line":20} []
[2023-01-04T09:53:13.116637+00:00] Portfolio.ERROR: is not 0 {"file":"/var/www/html/public_html/index.php","line":20} []
[2023-01-05T13:43:33.246757+00:00] Portfolio.ERROR: Blogi prisijungimo duomenys {"file":"/var/www/html/src/Authenticator.php","line":44} []
[2023-01-05T13:45:25.933409+00:00] Portfolio.ERROR: Blogi prisijungimo duomenys {"file":"/var/www/html/src/Authenticator.php","line":45} []
[2023-01-05T14:10:25.991714+00:00] Portfolio.ERROR: Unauthorized {"file":"/var/www/html/src/Authenticator.php","line":47} []
[2023-01-05T14:12:57.260389+00:00] Portfolio.WARNING: Unauthorized {"file":"/var/www/html/src/Authenticator.php","line":47} []
[2023-01-05T14:30:46.478138+00:00] Portfolio.ERROR: Error not found in dashboard.html {"file":"/var/www/html/src/HTMLRender.php","line":26} []
[2023-01-05T14:30:51.390606+00:00] Portfolio.ERROR: Error not found in dashboard.html {"file":"/var/www/html/src/HTMLRender.php","line":26} []
[2023-01-05T14:49:42.385481+00:00] Portfolio.ERROR: Error not found in dashboard.html {"file":"/var/www/html/src/HTMLRender.php","line":26} []
[2023-01-05T14:49:53.084349+00:00] Portfolio.WARNING: Unauthorized {"file":"/var/www/html/src/Authenticator.php","line":47} []
[2023-01-05T14:50:01.724818+00:00] Portfolio.ERROR: Error not found in dashboard.html {"file":"/var/www/html/src/HTMLRender.php","line":26} []
[2023-01-05T14:50:49.956313+00:00] Portfolio.ERROR: Error not found in dashboard.html {"file":"/var/www/html/src/HTMLRender.php","line":26} []
[2023-01-05T15:00:28.982989+00:00] Portfolio.ERROR: The following keys were not found in dashboard.html: error {"file":"/var/www/html/src/HTMLRender.php","line":35} []
[2023-01-06T08:29:51.976212+00:00] Portfolio.ERROR: 404 {"file":"/var/www/html/src/Router.php","line":28} []
[2023-01-06T08:29:55.109949+00:00] Portfolio.ERROR: 404 {"file":"/var/www/html/src/Router.php","line":28} []
[2023-01-06T08:29:58.178875+00:00] Portfolio.ERROR: 404 {"file":"/var/www/html/src/Router.php","line":28} []
[2023-01-06T08:30:44.350742+00:00] Portfolio.ERROR: 404 {"file":"/var/www/html/src/Router.php","line":28} []
[2023-01-06T08:30:45.805467+00:00] Portfolio.ERROR: 404 {"file":"/var/www/html/src/Router.php","line":28} []
[2023-01-06T08:31:56.791968+00:00] Portfolio.ERROR: 404 {"file":"/var/www/html/src/Router.php","line":28} []
[2023-01-06T08:31:59.020383+00:00] Portfolio.ERROR: 404 {"file":"/var/www/html/src/Router.php","line":28} []
[2023-01-06T08:34:21.881854+00:00] Portfolio.ERROR: 404 {"file":"/var/www/html/src/Router.php","line":30} []
[2023-01-06T09:03:22.901031+00:00] Portfolio.ERROR: 404 {"file":"/var/www/html/src/Router.php","line":30} []
[2023-01-06T09:11:29.915735+00:00] Portfolio.ERROR: 404 {"file":"/var/www/html/src/Router.php","line":30} []
[2023-01-06T09:23:11.886377+00:00] Portfolio.ERROR: 404 {"file":"/var/www/html/src/Router.php","line":30} []
[2023-01-06T09:26:27.165699+00:00] Portfolio.ERROR: 404 {"file":"/var/www/html/src/Router.php","line":30} []
[2023-01-06T09:27:08.499852+00:00] Portfolio.WARNING: 404 [] []
[2023-01-06T10:10:36.103494+00:00] Portfolio.WARNING: 404 [] []
[2023-01-06T10:11:13.217532+00:00] Portfolio.WARNING: 404 [] []
[2023-01-06T10:11:15.805994+00:00] Portfolio.WARNING: 404 [] []
[2023-01-06T10:12:01.665352+00:00] Portfolio.WARNING: 404 [] []
[2023-01-06T10:12:38.594918+00:00] Portfolio.ERROR: 404 {"file":"/var/www/html/src/Router.php","line":30} []
[2023-01-06T10:14:20.884572+00:00] Portfolio.ERROR: 404 {"file":"/var/www/html/src/Router.php","line":30} []
[2023-01-06T10:14:37.738893+00:00] Portfolio.ERROR: 404 {"file":"/var/www/html/src/Router.php","line":30} []
[2023-01-06T10:15:08.303763+00:00] Portfolio.ERROR: 404 {"file":"/var/www/html/src/Router.php","line":34} []
[2023-01-06T10:16:37.517500+00:00] Portfolio.ERROR: 404 {"file":"/var/www/html/src/Router.php","line":34} []
[2023-01-06T10:20:23.306631+00:00] Portfolio.WARNING: 404 [] []
[2023-01-06T10:20:23.603939+00:00] Portfolio.WARNING: 404 [] []
[2023-01-06T10:21:53.541255+00:00] Portfolio.WARNING: 404 [] []
[2023-01-06T12:04:19.614166+00:00] Portfolio.WARNING: 404 [] []
[2023-01-06T13:35:13.083708+00:00] Portfolio.WARNING: 404 [] []
[2023-01-06T13:35:13.177647+00:00] Portfolio.WARNING: 404 [] []
[2023-01-06T13:35:18.866411+00:00] Portfolio.WARNING: 404 [] []
[2023-01-06T13:35:19.054780+00:00] Portfolio.WARNING: 404 [] []
[2023-01-06T13:36:21.875478+00:00] Portfolio.WARNING: 404 [] []
[2023-01-06T13:36:26.674125+00:00] Portfolio.WARNING: 404 [] []
[2023-01-06T13:36:38.954998+00:00] Portfolio.WARNING: 404 [] []
[2023-01-06T13:39:36.966283+00:00] Portfolio.WARNING: 404 [] []
[2023-01-06T13:39:44.159643+00:00] Portfolio.WARNING: 404 [] []
